<?xml version="1.0" encoding="UTF-8"?>
<!-- Generated by org.testng.reporters.JUnitReportReporter -->
<testsuite hostname="DESKTOP-JF1IURV" failures="0" tests="1" name="com.saucedemo.test.itemspage_Test" time="36.994" errors="0" timestamp="2025-10-06T13:32:58 IST" skipped="0">
  <testcase classname="com.saucedemo.test.itemspage_Test" name="bugtest" time="36.994"/>
</testsuite> <!-- com.saucedemo.test.itemspage_Test -->
